<?xml version="1.0" encoding="UTF-8"?>
<testsuite xmlns:xsi="http://www.w3.org/2001/XMLSchema-instance" xsi:noNamespaceSchemaLocation="https://maven.apache.org/surefire/maven-surefire-plugin/xsd/surefire-test-report-3.0.xsd" version="3.0" name="com.datingapp.datingapp.DatingappApplicationTests" time="8.141" tests="1" errors="0" skipped="0" failures="0">
  <properties>
[...]
</properties>
  <testcase name="contextLoads" classname="com.datingapp.datingapp.DatingappApplicationTests" time="0.719">
    <system-out><![CDATA[20:41:26.370 [main] INFO org.springframework.test.context.support.AnnotationConfigContextLoaderUtils -- Could not detect default configuration classes for test class [com.datingapp.datingapp.DatingappApplicationTests]: DatingappApplicationTests does not declare any static, non-private, non-final, nested classes annotated with @Configuration.
20:41:26.541 [main] INFO org.springframework.boot.test.context.SpringBootTestContextBootstrapper -- Found @SpringBootConfiguration com.datingapp.datingapp.DatingappApplication for test class com.datingapp.datingapp.DatingappApplicationTests

  .   ____          _            __ _ _
 /\\ / ___'_ __ _ _(_)_ __  __ _ \ \ \ \
( ( )\___ | '_ | '_| | '_ \/ _` | \ \ \ \
 \\/  ___)| |_)| | | | | || (_| |  ) ) ) )
  '  |____| .__|_| |_|_| |_\__, | / / / /
 =========|_|==============|___/=/_/_/_/

 :: Spring Boot ::                (v3.3.1)

2025-02-20T20:41:27.164+07:00  INFO 22832 --- [datingapp] [           main] c.d.datingapp.DatingappApplicationTests  : Starting DatingappApplicationTests using Java 23.0.2 with PID 22832 (started by dekha in C:\Users\dekha\IdeaProjects\DatingApp)
2025-02-20T20:41:27.166+07:00  INFO 22832 --- [datingapp] [           main] c.d.datingapp.DatingappApplicationTests  : No active profile set, falling back to 1 default profile: "default"
2025-02-20T20:41:28.212+07:00  INFO 22832 --- [datingapp] [           main] .s.d.r.c.RepositoryConfigurationDelegate : Bootstrapping Spring Data JPA repositories in DEFAULT mode.
2025-02-20T20:41:28.318+07:00  INFO 22832 --- [datingapp] [           main] .s.d.r.c.RepositoryConfigurationDelegate : Finished Spring Data repository scanning in 92 ms. Found 7 JPA repository interfaces.
2025-02-20T20:41:28.984+07:00  INFO 22832 --- [datingapp] [           main] com.zaxxer.hikari.HikariDataSource       : HikariPool-1 - Starting...
2025-02-20T20:41:29.189+07:00  INFO 22832 --- [datingapp] [           main] com.zaxxer.hikari.pool.HikariPool        : HikariPool-1 - Added connection org.postgresql.jdbc.PgConnection@79e7188e
2025-02-20T20:41:29.192+07:00  INFO 22832 --- [datingapp] [           main] com.zaxxer.hikari.HikariDataSource       : HikariPool-1 - Start completed.
2025-02-20T20:41:29.270+07:00  INFO 22832 --- [datingapp] [           main] o.hibernate.jpa.internal.util.LogHelper  : HHH000204: Processing PersistenceUnitInfo [name: default]
2025-02-20T20:41:29.413+07:00  INFO 22832 --- [datingapp] [           main] org.hibernate.Version                    : HHH000412: Hibernate ORM core version 6.5.2.Final
2025-02-20T20:41:29.486+07:00  INFO 22832 --- [datingapp] [           main] o.h.c.internal.RegionFactoryInitiator    : HHH000026: Second-level cache disabled
2025-02-20T20:41:30.046+07:00  INFO 22832 --- [datingapp] [           main] o.s.o.j.p.SpringPersistenceUnitInfo      : No LoadTimeWeaver setup: ignoring JPA class transformer
2025-02-20T20:41:31.429+07:00  INFO 22832 --- [datingapp] [           main] o.h.e.t.j.p.i.JtaPlatformInitiator       : HHH000489: No JTA platform available (set 'hibernate.transaction.jta.platform' to enable JTA platform integration)
2025-02-20T20:41:31.432+07:00  INFO 22832 --- [datingapp] [           main] j.LocalContainerEntityManagerFactoryBean : Initialized JPA EntityManagerFactory for persistence unit 'default'
2025-02-20T20:41:31.880+07:00  INFO 22832 --- [datingapp] [           main] o.s.d.j.r.query.QueryEnhancerFactory     : Hibernate is in classpath; If applicable, HQL parser will be used.
2025-02-20T20:41:33.500+07:00  INFO 22832 --- [datingapp] [           main] o.s.m.s.b.SimpleBrokerMessageHandler     : Starting...
2025-02-20T20:41:33.501+07:00  INFO 22832 --- [datingapp] [           main] o.s.m.s.b.SimpleBrokerMessageHandler     : BrokerAvailabilityEvent[available=true, SimpleBrokerMessageHandler [org.springframework.messaging.simp.broker.DefaultSubscriptionRegistry@2d492d46]]
2025-02-20T20:41:33.502+07:00  INFO 22832 --- [datingapp] [           main] o.s.m.s.b.SimpleBrokerMessageHandler     : Started.
2025-02-20T20:41:33.512+07:00  INFO 22832 --- [datingapp] [           main] c.d.datingapp.DatingappApplicationTests  : Started DatingappApplicationTests in 6.729 seconds (process running for 8.181)
]]></system-out>
    <system-err><![CDATA[WARNING: A Java agent has been loaded dynamically (C:\Users\dekha\.m2\repository\net\bytebuddy\byte-buddy-agent\1.14.17\byte-buddy-agent-1.14.17.jar)
WARNING: If a serviceability tool is in use, please run with -XX:+EnableDynamicAgentLoading to hide this warning
WARNING: If a serviceability tool is not in use, please run with -Djdk.instrument.traceUsage for more information
WARNING: Dynamic loading of agents will be disallowed by default in a future release
]]></system-err>
  </testcase>
</testsuite>